# JRE version: Java(TM) SE Runtime Environment (17.0.11+7) (build 17.0.11+7-LTS-207)
# Java VM: Java HotSpot(TM) 64-Bit Server VM (17.0.11+7-LTS-207, mixed mode, sharing, tiered, compressed oops, compressed class ptrs, g1 gc, windows-amd64)
GC Precious Log:
 CPUs: 8 total, 8 available
 Memory: 7986M
 Large Page Support: Disabled
 NUMA Support: Disabled
 Compressed Oops: Enabled (32-bit)
 Heap Region Size: 1M
 Heap Min Capacity: 256M
 Heap Initial Capacity: 256M
 Heap Max Capacity: 512M
 Pre-touch: Disabled
 Parallel Workers: 8
 Concurrent Workers: 2
 Concurrent Refinement Workers: 8
 Periodic GC: Disabled
Heap:
 garbage-first heap   total 262144K, used 137214K [0x00000000e0000000, 0x0000000100000000)
  region size 1024K, 84 young (86016K), 19 survivors (19456K)
 Metaspace       used 58775K, committed 59520K, reserved 393216K
  class space    used 8123K, committed 8448K, reserved 327680K
GC Heap History (18 events):
Event: 1.232 GC heap before
{Heap before GC invocations=0 (full 0):
 garbage-first heap   total 262144K, used 22528K [0x00000000e0000000, 0x0000000100000000)
  region size 1024K, 23 young (23552K), 0 survivors (0K)
 Metaspace       used 1136K, committed 1280K, reserved 393216K
  class space    used 77K, committed 128K, reserved 327680K
}
Event: 1.241 GC heap after
{Heap after GC invocations=1 (full 0):
 garbage-first heap   total 262144K, used 4405K [0x00000000e0000000, 0x0000000100000000)
  region size 1024K, 3 young (3072K), 3 survivors (3072K)
 Metaspace       used 1136K, committed 1280K, reserved 393216K
  class space    used 77K, committed 128K, reserved 327680K
}
Event: 3.407 GC heap before
{Heap before GC invocations=1 (full 0):
 garbage-first heap   total 262144K, used 37173K [0x00000000e0000000, 0x0000000100000000)
  region size 1024K, 32 young (32768K), 3 survivors (3072K)
 Metaspace       used 4375K, committed 4544K, reserved 393216K
  class space    used 546K, committed 640K, reserved 327680K
}
Event: 3.413 GC heap after
{Heap after GC invocations=2 (full 0):
 garbage-first heap   total 262144K, used 11944K [0x00000000e0000000, 0x0000000100000000)
  region size 1024K, 4 young (4096K), 4 survivors (4096K)
 Metaspace       used 4375K, committed 4544K, reserved 393216K
  class space    used 546K, committed 640K, reserved 327680K
}
Event: 6.075 GC heap before
{Heap before GC invocations=2 (full 0):
 garbage-first heap   total 262144K, used 55976K [0x00000000e0000000, 0x0000000100000000)
  region size 1024K, 45 young (46080K), 4 survivors (4096K)
 Metaspace       used 4543K, committed 4736K, reserved 393216K
  class space    used 555K, committed 640K, reserved 327680K
}
Event: 6.080 GC heap after
{Heap after GC invocations=3 (full 0):
 garbage-first heap   total 262144K, used 17295K [0x00000000e0000000, 0x0000000100000000)
  region size 1024K, 5 young (5120K), 5 survivors (5120K)
 Metaspace       used 4543K, committed 4736K, reserved 393216K
  class space    used 555K, committed 640K, reserved 327680K
}
Event: 17.238 GC heap before
{Heap before GC invocations=3 (full 0):
 garbage-first heap   total 262144K, used 126863K [0x00000000e0000000, 0x0000000100000000)
  region size 1024K, 113 young (115712K), 5 survivors (5120K)
 Metaspace       used 21211K, committed 21504K, reserved 393216K
  class space    used 3098K, committed 3264K, reserved 327680K
}
Event: 17.256 GC heap after
{Heap after GC invocations=4 (full 0):
 garbage-first heap   total 262144K, used 25051K [0x00000000e0000000, 0x0000000100000000)
  region size 1024K, 12 young (12288K), 12 survivors (12288K)
 Metaspace       used 21211K, committed 21504K, reserved 393216K
  class space    used 3098K, committed 3264K, reserved 327680K
}
Event: 23.371 GC heap before
{Heap before GC invocations=5 (full 0):
 garbage-first heap   total 262144K, used 146907K [0x00000000e0000000, 0x0000000100000000)
  region size 1024K, 128 young (131072K), 12 survivors (12288K)
 Metaspace       used 35760K, committed 36160K, reserved 393216K
  class space    used 4976K, committed 5184K, reserved 327680K
}
Event: 23.391 GC heap after
{Heap after GC invocations=6 (full 0):
 garbage-first heap   total 262144K, used 33989K [0x00000000e0000000, 0x0000000100000000)
  region size 1024K, 17 young (17408K), 17 survivors (17408K)
 Metaspace       used 35760K, committed 36160K, reserved 393216K
  class space    used 4976K, committed 5184K, reserved 327680K
}
Event: 28.679 GC heap before
{Heap before GC invocations=7 (full 0):
 garbage-first heap   total 262144K, used 174277K [0x00000000e0000000, 0x0000000100000000)
  region size 1024K, 153 young (156672K), 17 survivors (17408K)
 Metaspace       used 49165K, committed 49728K, reserved 393216K
  class space    used 7033K, committed 7296K, reserved 327680K
}
Event: 28.700 GC heap after
{Heap after GC invocations=8 (full 0):
 garbage-first heap   total 262144K, used 41123K [0x00000000e0000000, 0x0000000100000000)
  region size 1024K, 17 young (17408K), 17 survivors (17408K)
 Metaspace       used 49165K, committed 49728K, reserved 393216K
  class space    used 7033K, committed 7296K, reserved 327680K
}
Event: 34.273 GC heap before
{Heap before GC invocations=8 (full 0):
 garbage-first heap   total 262144K, used 179363K [0x00000000e0000000, 0x0000000100000000)
  region size 1024K, 153 young (156672K), 17 survivors (17408K)
 Metaspace       used 54216K, committed 54784K, reserved 393216K
  class space    used 7612K, committed 7872K, reserved 327680K
}
Event: 34.296 GC heap after
{Heap after GC invocations=9 (full 0):
 garbage-first heap   total 262144K, used 52914K [0x00000000e0000000, 0x0000000100000000)
  region size 1024K, 20 young (20480K), 20 survivors (20480K)
 Metaspace       used 54216K, committed 54784K, reserved 393216K
  class space    used 7612K, committed 7872K, reserved 327680K
}
Event: 187.958 GC heap before
{Heap before GC invocations=9 (full 0):
 garbage-first heap   total 262144K, used 189106K [0x00000000e0000000, 0x0000000100000000)
  region size 1024K, 153 young (156672K), 20 survivors (20480K)
 Metaspace       used 57490K, committed 58176K, reserved 393216K
  class space    used 8072K, committed 8384K, reserved 327680K
}
Event: 188.063 GC heap after
{Heap after GC invocations=10 (full 0):
 garbage-first heap   total 262144K, used 57344K [0x00000000e0000000, 0x0000000100000000)
  region size 1024K, 7 young (7168K), 7 survivors (7168K)
 Metaspace       used 57490K, committed 58176K, reserved 393216K
  class space    used 8072K, committed 8384K, reserved 327680K
}
Event: 322.820 GC heap before
{Heap before GC invocations=10 (full 0):
 garbage-first heap   total 262144K, used 203776K [0x00000000e0000000, 0x0000000100000000)
  region size 1024K, 151 young (154624K), 7 survivors (7168K)
 Metaspace       used 58367K, committed 59072K, reserved 393216K
  class space    used 8095K, committed 8384K, reserved 327680K
}
Event: 322.906 GC heap after
{Heap after GC invocations=11 (full 0):
 garbage-first heap   total 262144K, used 71678K [0x00000000e0000000, 0x0000000100000000)
  region size 1024K, 19 young (19456K), 19 survivors (19456K)
 Metaspace       used 58367K, committed 59072K, reserved 393216K
  class space    used 8095K, committed 8384K, reserved 327680K
}

