# JRE version: Java(TM) SE Runtime Environment (17.0.11+7) (build 17.0.11+7-LTS-207)
# Java VM: Java HotSpot(TM) 64-Bit Server VM (17.0.11+7-LTS-207, mixed mode, sharing, tiered, compressed oops, compressed class ptrs, g1 gc, windows-amd64)
GC Precious Log:
 CPUs: 8 total, 8 available
 Memory: 7986M
 Large Page Support: Disabled
 NUMA Support: Disabled
 Compressed Oops: Enabled (32-bit)
 Heap Region Size: 1M
 Heap Min Capacity: 256M
 Heap Initial Capacity: 256M
 Heap Max Capacity: 512M
 Pre-touch: Disabled
 Parallel Workers: 8
 Concurrent Workers: 2
 Concurrent Refinement Workers: 8
 Periodic GC: Disabled
Heap:
 garbage-first heap   total 262144K, used 131611K [0x00000000e0000000, 0x0000000100000000)
  region size 1024K, 23 young (23552K), 7 survivors (7168K)
 Metaspace       used 71984K, committed 72832K, reserved 393216K
  class space    used 9648K, committed 10048K, reserved 327680K
GC Heap History (20 events):
Event: 1639.761 GC heap before
{Heap before GC invocations=19 (full 0):
 garbage-first heap   total 262144K, used 80086K [0x00000000e0000000, 0x0000000100000000)
  region size 1024K, 14 young (14336K), 13 survivors (13312K)
 Metaspace       used 59734K, committed 60544K, reserved 393216K
  class space    used 8109K, committed 8512K, reserved 327680K
}
Event: 1639.810 GC heap after
{Heap after GC invocations=20 (full 0):
 garbage-first heap   total 262144K, used 77859K [0x00000000e0000000, 0x0000000100000000)
  region size 1024K, 2 young (2048K), 2 survivors (2048K)
 Metaspace       used 59734K, committed 60544K, reserved 393216K
  class space    used 8109K, committed 8512K, reserved 327680K
}
Event: 2161.046 GC heap before
{Heap before GC invocations=20 (full 0):
 garbage-first heap   total 262144K, used 208931K [0x00000000e0000000, 0x0000000100000000)
  region size 1024K, 131 young (134144K), 2 survivors (2048K)
 Metaspace       used 59862K, committed 60608K, reserved 393216K
  class space    used 8118K, committed 8512K, reserved 327680K
}
Event: 2161.109 GC heap after
{Heap after GC invocations=21 (full 0):
 garbage-first heap   total 262144K, used 88353K [0x00000000e0000000, 0x0000000100000000)
  region size 1024K, 12 young (12288K), 12 survivors (12288K)
 Metaspace       used 59862K, committed 60608K, reserved 393216K
  class space    used 8118K, committed 8512K, reserved 327680K
}
Event: 2173.223 GC heap before
{Heap before GC invocations=21 (full 0):
 garbage-first heap   total 262144K, used 208161K [0x00000000e0000000, 0x0000000100000000)
  region size 1024K, 129 young (132096K), 12 survivors (12288K)
 Metaspace       used 59974K, committed 60800K, reserved 393216K
  class space    used 8131K, committed 8512K, reserved 327680K
}
Event: 2173.234 GC heap after
{Heap after GC invocations=22 (full 0):
 garbage-first heap   total 262144K, used 85727K [0x00000000e0000000, 0x0000000100000000)
  region size 1024K, 5 young (5120K), 5 survivors (5120K)
 Metaspace       used 59974K, committed 60800K, reserved 393216K
  class space    used 8131K, committed 8512K, reserved 327680K
}
Event: 2176.000 GC heap before
{Heap before GC invocations=22 (full 0):
 garbage-first heap   total 262144K, used 210655K [0x00000000e0000000, 0x0000000100000000)
  region size 1024K, 127 young (130048K), 5 survivors (5120K)
 Metaspace       used 59989K, committed 60800K, reserved 393216K
  class space    used 8131K, committed 8512K, reserved 327680K
}
Event: 2176.012 GC heap after
{Heap after GC invocations=23 (full 0):
 garbage-first heap   total 262144K, used 92174K [0x00000000e0000000, 0x0000000100000000)
  region size 1024K, 11 young (11264K), 11 survivors (11264K)
 Metaspace       used 59989K, committed 60800K, reserved 393216K
  class space    used 8131K, committed 8512K, reserved 327680K
}
Event: 2200.487 GC heap before
{Heap before GC invocations=23 (full 0):
 garbage-first heap   total 262144K, used 209934K [0x00000000e0000000, 0x0000000100000000)
  region size 1024K, 127 young (130048K), 11 survivors (11264K)
 Metaspace       used 60065K, committed 60864K, reserved 393216K
  class space    used 8131K, committed 8512K, reserved 327680K
}
Event: 2200.506 GC heap after
{Heap after GC invocations=24 (full 0):
 garbage-first heap   total 262144K, used 93617K [0x00000000e0000000, 0x0000000100000000)
  region size 1024K, 12 young (12288K), 12 survivors (12288K)
 Metaspace       used 60065K, committed 60864K, reserved 393216K
  class space    used 8131K, committed 8512K, reserved 327680K
}
Event: 2318.188 GC heap before
{Heap before GC invocations=24 (full 0):
 garbage-first heap   total 262144K, used 207281K [0x00000000e0000000, 0x0000000100000000)
  region size 1024K, 124 young (126976K), 12 survivors (12288K)
 Metaspace       used 60302K, committed 61056K, reserved 393216K
  class space    used 8161K, committed 8512K, reserved 327680K
}
Event: 2318.198 GC heap after
{Heap after GC invocations=25 (full 0):
 garbage-first heap   total 262144K, used 89069K [0x00000000e0000000, 0x0000000100000000)
  region size 1024K, 7 young (7168K), 7 survivors (7168K)
 Metaspace       used 60302K, committed 61056K, reserved 393216K
  class space    used 8161K, committed 8512K, reserved 327680K
}
Event: 2322.206 GC heap before
{Heap before GC invocations=25 (full 0):
 garbage-first heap   total 262144K, used 206829K [0x00000000e0000000, 0x0000000100000000)
  region size 1024K, 123 young (125952K), 7 survivors (7168K)
 Metaspace       used 60805K, committed 61504K, reserved 393216K
  class space    used 8246K, committed 8576K, reserved 327680K
}
Event: 2322.221 GC heap after
{Heap after GC invocations=26 (full 0):
 garbage-first heap   total 262144K, used 92902K [0x00000000e0000000, 0x0000000100000000)
  region size 1024K, 11 young (11264K), 11 survivors (11264K)
 Metaspace       used 60805K, committed 61504K, reserved 393216K
  class space    used 8246K, committed 8576K, reserved 327680K
}
Event: 2332.338 GC heap before
{Heap before GC invocations=26 (full 0):
 garbage-first heap   total 262144K, used 211686K [0x00000000e0000000, 0x0000000100000000)
  region size 1024K, 127 young (130048K), 11 survivors (11264K)
 Metaspace       used 67820K, committed 68544K, reserved 393216K
  class space    used 9127K, committed 9472K, reserved 327680K
}
Event: 2332.704 GC heap after
{Heap after GC invocations=27 (full 0):
 garbage-first heap   total 262144K, used 118934K [0x00000000e0000000, 0x0000000100000000)
  region size 1024K, 16 young (16384K), 16 survivors (16384K)
 Metaspace       used 67820K, committed 68544K, reserved 393216K
  class space    used 9127K, committed 9472K, reserved 327680K
}
Event: 2338.317 GC heap before
{Heap before GC invocations=27 (full 0):
 garbage-first heap   total 262144K, used 161942K [0x00000000e0000000, 0x0000000100000000)
  region size 1024K, 59 young (60416K), 16 survivors (16384K)
 Metaspace       used 69170K, committed 69888K, reserved 393216K
  class space    used 9296K, committed 9600K, reserved 327680K
}
Event: 2338.411 GC heap after
{Heap after GC invocations=28 (full 0):
 garbage-first heap   total 262144K, used 129305K [0x00000000e0000000, 0x0000000100000000)
  region size 1024K, 8 young (8192K), 8 survivors (8192K)
 Metaspace       used 69170K, committed 69888K, reserved 393216K
  class space    used 9296K, committed 9600K, reserved 327680K
}
Event: 2384.155 GC heap before
{Heap before GC invocations=28 (full 0):
 garbage-first heap   total 262144K, used 197913K [0x00000000e0000000, 0x0000000100000000)
  region size 1024K, 76 young (77824K), 8 survivors (8192K)
 Metaspace       used 71983K, committed 72832K, reserved 393216K
  class space    used 9648K, committed 10048K, reserved 327680K
}
Event: 2384.188 GC heap after
{Heap after GC invocations=29 (full 0):
 garbage-first heap   total 262144K, used 133659K [0x00000000e0000000, 0x0000000100000000)
  region size 1024K, 7 young (7168K), 7 survivors (7168K)
 Metaspace       used 71983K, committed 72832K, reserved 393216K
  class space    used 9648K, committed 10048K, reserved 327680K
}

