# JRE version: Java(TM) SE Runtime Environment (17.0.11+7) (build 17.0.11+7-LTS-207)
# Java VM: Java HotSpot(TM) 64-Bit Server VM (17.0.11+7-LTS-207, mixed mode, sharing, tiered, compressed oops, compressed class ptrs, g1 gc, windows-amd64)
GC Precious Log:
 CPUs: 8 total, 8 available
 Memory: 7986M
 Large Page Support: Disabled
 NUMA Support: Disabled
 Compressed Oops: Enabled (32-bit)
 Heap Region Size: 1M
 Heap Min Capacity: 256M
 Heap Initial Capacity: 256M
 Heap Max Capacity: 512M
 Pre-touch: Disabled
 Parallel Workers: 8
 Concurrent Workers: 2
 Concurrent Refinement Workers: 8
 Periodic GC: Disabled
Heap:
 garbage-first heap   total 358400K, used 237993K [0x00000000e0000000, 0x0000000100000000)
  region size 1024K, 145 young (148480K), 3 survivors (3072K)
 Metaspace       used 81258K, committed 82688K, reserved 458752K
  class space    used 10640K, committed 11392K, reserved 327680K
GC Heap History (20 events):
Event: 16112.727 GC heap before
{Heap before GC invocations=127 (full 0):
 garbage-first heap   total 392192K, used 123522K [0x00000000e0000000, 0x0000000100000000)
  region size 1024K, 19 young (19456K), 10 survivors (10240K)
 Metaspace       used 81069K, committed 82688K, reserved 458752K
  class space    used 10639K, committed 11392K, reserved 327680K
}
Event: 16112.909 GC heap after
{Heap after GC invocations=128 (full 0):
 garbage-first heap   total 392192K, used 103037K [0x00000000e0000000, 0x0000000100000000)
  region size 1024K, 3 young (3072K), 3 survivors (3072K)
 Metaspace       used 81069K, committed 82688K, reserved 458752K
  class space    used 10639K, committed 11392K, reserved 327680K
}
Event: 16356.251 GC heap before
{Heap before GC invocations=128 (full 0):
 garbage-first heap   total 392192K, used 277117K [0x00000000e0000000, 0x0000000100000000)
  region size 1024K, 174 young (178176K), 3 survivors (3072K)
 Metaspace       used 81089K, committed 82688K, reserved 458752K
  class space    used 10639K, committed 11392K, reserved 327680K
}
Event: 16356.375 GC heap after
{Heap after GC invocations=129 (full 0):
 garbage-first heap   total 392192K, used 111229K [0x00000000e0000000, 0x0000000100000000)
  region size 1024K, 11 young (11264K), 11 survivors (11264K)
 Metaspace       used 81089K, committed 82688K, reserved 458752K
  class space    used 10639K, committed 11392K, reserved 327680K
}
Event: 16360.328 GC heap before
{Heap before GC invocations=130 (full 0):
 garbage-first heap   total 392192K, used 159357K [0x00000000e0000000, 0x0000000100000000)
  region size 1024K, 62 young (63488K), 11 survivors (11264K)
 Metaspace       used 81090K, committed 82688K, reserved 458752K
  class space    used 10639K, committed 11392K, reserved 327680K
}
Event: 16360.464 GC heap after
{Heap after GC invocations=131 (full 0):
 garbage-first heap   total 392192K, used 114203K [0x00000000e0000000, 0x0000000100000000)
  region size 1024K, 7 young (7168K), 7 survivors (7168K)
 Metaspace       used 81090K, committed 82688K, reserved 458752K
  class space    used 10639K, committed 11392K, reserved 327680K
}
Event: 16361.014 GC heap before
{Heap before GC invocations=131 (full 0):
 garbage-first heap   total 392192K, used 126491K [0x00000000e0000000, 0x0000000100000000)
  region size 1024K, 19 young (19456K), 7 survivors (7168K)
 Metaspace       used 81090K, committed 82688K, reserved 458752K
  class space    used 10639K, committed 11392K, reserved 327680K
}
Event: 16361.058 GC heap after
{Heap after GC invocations=132 (full 0):
 garbage-first heap   total 392192K, used 104210K [0x00000000e0000000, 0x0000000100000000)
  region size 1024K, 3 young (3072K), 3 survivors (3072K)
 Metaspace       used 81090K, committed 82688K, reserved 458752K
  class space    used 10639K, committed 11392K, reserved 327680K
}
Event: 16396.180 GC heap before
{Heap before GC invocations=132 (full 0):
 garbage-first heap   total 392192K, used 312082K [0x00000000e0000000, 0x0000000100000000)
  region size 1024K, 206 young (210944K), 3 survivors (3072K)
 Metaspace       used 81131K, committed 82688K, reserved 458752K
  class space    used 10640K, committed 11392K, reserved 327680K
}
Event: 16396.196 GC heap after
{Heap after GC invocations=133 (full 0):
 garbage-first heap   total 392192K, used 107655K [0x00000000e0000000, 0x0000000100000000)
  region size 1024K, 6 young (6144K), 6 survivors (6144K)
 Metaspace       used 81131K, committed 82688K, reserved 458752K
  class space    used 10640K, committed 11392K, reserved 327680K
}
Event: 16477.317 GC heap before
{Heap before GC invocations=134 (full 0):
 garbage-first heap   total 358400K, used 312455K [0x00000000e0000000, 0x0000000100000000)
  region size 1024K, 208 young (212992K), 6 survivors (6144K)
 Metaspace       used 81162K, committed 82688K, reserved 458752K
  class space    used 10640K, committed 11392K, reserved 327680K
}
Event: 16477.400 GC heap after
{Heap after GC invocations=135 (full 0):
 garbage-first heap   total 358400K, used 106217K [0x00000000e0000000, 0x0000000100000000)
  region size 1024K, 7 young (7168K), 7 survivors (7168K)
 Metaspace       used 81162K, committed 82688K, reserved 458752K
  class space    used 10640K, committed 11392K, reserved 327680K
}
Event: 16477.671 GC heap before
{Heap before GC invocations=135 (full 0):
 garbage-first heap   total 358400K, used 116457K [0x00000000e0000000, 0x0000000100000000)
  region size 1024K, 17 young (17408K), 7 survivors (7168K)
 Metaspace       used 81162K, committed 82688K, reserved 458752K
  class space    used 10640K, committed 11392K, reserved 327680K
}
Event: 16477.826 GC heap after
{Heap after GC invocations=136 (full 0):
 garbage-first heap   total 358400K, used 98488K [0x00000000e0000000, 0x0000000100000000)
  region size 1024K, 3 young (3072K), 3 survivors (3072K)
 Metaspace       used 81162K, committed 82688K, reserved 458752K
  class space    used 10640K, committed 11392K, reserved 327680K
}
Event: 16556.609 GC heap before
{Heap before GC invocations=136 (full 0):
 garbage-first heap   total 358400K, used 293048K [0x00000000e0000000, 0x0000000100000000)
  region size 1024K, 194 young (198656K), 3 survivors (3072K)
 Metaspace       used 81181K, committed 82688K, reserved 458752K
  class space    used 10640K, committed 11392K, reserved 327680K
}
Event: 16556.642 GC heap after
{Heap after GC invocations=137 (full 0):
 garbage-first heap   total 358400K, used 109385K [0x00000000e0000000, 0x0000000100000000)
  region size 1024K, 14 young (14336K), 14 survivors (14336K)
 Metaspace       used 81181K, committed 82688K, reserved 458752K
  class space    used 10640K, committed 11392K, reserved 327680K
}
Event: 16730.103 GC heap before
{Heap before GC invocations=138 (full 0):
 garbage-first heap   total 358400K, used 226121K [0x00000000e0000000, 0x0000000100000000)
  region size 1024K, 136 young (139264K), 14 survivors (14336K)
 Metaspace       used 81196K, committed 82688K, reserved 458752K
  class space    used 10639K, committed 11392K, reserved 327680K
}
Event: 16730.209 GC heap after
{Heap after GC invocations=139 (full 0):
 garbage-first heap   total 358400K, used 100028K [0x00000000e0000000, 0x0000000100000000)
  region size 1024K, 6 young (6144K), 6 survivors (6144K)
 Metaspace       used 81196K, committed 82688K, reserved 458752K
  class space    used 10639K, committed 11392K, reserved 327680K
}
Event: 16731.280 GC heap before
{Heap before GC invocations=139 (full 0):
 garbage-first heap   total 358400K, used 111292K [0x00000000e0000000, 0x0000000100000000)
  region size 1024K, 17 young (17408K), 6 survivors (6144K)
 Metaspace       used 81196K, committed 82688K, reserved 458752K
  class space    used 10639K, committed 11392K, reserved 327680K
}
Event: 16731.318 GC heap after
{Heap after GC invocations=140 (full 0):
 garbage-first heap   total 358400K, used 94633K [0x00000000e0000000, 0x0000000100000000)
  region size 1024K, 3 young (3072K), 3 survivors (3072K)
 Metaspace       used 81196K, committed 82688K, reserved 458752K
  class space    used 10639K, committed 11392K, reserved 327680K
}

